<?xml version="1.0" encoding="UTF-8"?>
<testsuite xmlns:xsi="http://www.w3.org/2001/XMLSchema-instance" xsi:noNamespaceSchemaLocation="https://maven.apache.org/surefire/maven-surefire-plugin/xsd/surefire-test-report-3.0.xsd" version="3.0" name="com.example.java_chatroom.JavaChatroomApplicationTests" time="2.22" tests="1" errors="0" skipped="0" failures="0">
  <properties>
[...]
</properties>
  <testcase name="contextLoads" classname="com.example.java_chatroom.JavaChatroomApplicationTests" time="0.645">
    <system-out><![CDATA[17:38:26.803 [main] INFO org.springframework.test.context.support.AnnotationConfigContextLoaderUtils -- Could not detect default configuration classes for test class [com.example.java_chatroom.JavaChatroomApplicationTests]: JavaChatroomApplicationTests does not declare any static, non-private, non-final, nested classes annotated with @Configuration.
17:38:26.862 [main] INFO org.springframework.boot.test.context.SpringBootTestContextBootstrapper -- Found @SpringBootConfiguration com.example.java_chatroom.JavaChatroomApplication for test class com.example.java_chatroom.JavaChatroomApplicationTests

  .   ____          _            __ _ _
 /\\ / ___'_ __ _ _(_)_ __  __ _ \ \ \ \
( ( )\___ | '_ | '_| | '_ \/ _` | \ \ \ \
 \\/  ___)| |_)| | | | | || (_| |  ) ) ) )
  '  |____| .__|_| |_|_| |_\__, | / / / /
 =========|_|==============|___/=/_/_/_/
 :: Spring Boot ::                (v3.2.0)

[INFO ] Starting JavaChatroomApplicationTests using Java 17.0.9 with PID 9432 (started by 23302 in D:\App\Java\code\java_chatroom)
[INFO ] No active profile set, falling back to 1 default profile: "default"
[INFO ] Started JavaChatroomApplicationTests in 1.301 seconds (process running for 1.85)
]]></system-out>
  </testcase>
</testsuite>